<html>
<head>
<title>TestNG:  SauceDemo Website Tests</title>
<link href="../testng.css" rel="stylesheet" type="text/css" />
<link href="../my-testng.css" rel="stylesheet" type="text/css" />

<style type="text/css">
.log { display: none;} 
.stack-trace { display: none;} 
</style>
<script type="text/javascript">
<!--
function flip(e) {
  current = e.style.display;
  if (current == 'block') {
    e.style.display = 'none';
    return 0;
  }
  else {
    e.style.display = 'block';
    return 1;
  }
}

function toggleBox(szDivId, elem, msg1, msg2)
{
  var res = -1;  if (document.getElementById) {
    res = flip(document.getElementById(szDivId));
  }
  else if (document.all) {
    // this is the way old msie versions work
    res = flip(document.all[szDivId]);
  }
  if(elem) {
    if(res == 0) elem.innerHTML = msg1; else elem.innerHTML = msg2;
  }

}

function toggleAllBoxes() {
  if (document.getElementsByTagName) {
    d = document.getElementsByTagName('div');
    for (i = 0; i < d.length; i++) {
      if (d[i].className == 'log') {
        flip(d[i]);
      }
    }
  }
}

// -->
</script>

</head>
<body>
<h2 align='center'>SauceDemo Website Tests</h2><table border='1' align="center">
<tr>
<td>Tests passed/Failed/Skipped:</td><td>23/0/0</td>
</tr><tr>
<td>Started on:</td><td>Sun Sep 07 15:14:57 IST 2025</td>
</tr>
<tr><td>Total time:</td><td>40 seconds (40670 ms)</td>
</tr><tr>
<td>Included groups:</td><td></td>
</tr><tr>
<td>Excluded groups:</td><td></td>
</tr>
</table><p/>
<small><i>(Hover the method name to see the test class name)</i></small><p/>
<table width='100%' border='1' class='invocation-passed'>
<tr><td colspan='4' align='center'><b>PASSED TESTS</b></td></tr>
<tr><td><b>Test method</b></td>
<td><b>Attribute(s)</b></td>
<td width="30%"><b>Exception</b></td>
<td width="10%"><b>Time (seconds)</b></td>
<td><b>Instance</b></td>
</tr>
<tr>
<td title='tests.LoginTest.testEmptyUsername()'><b>testEmptyUsername</b><br>Test class: tests.LoginTest</td>
<td></td>
<td>0</td>
<td>tests.LoginTest@7d9d0818</td></tr>
<tr>
<td title='tests.LoginTest.testValidLogin()'><b>testValidLogin</b><br>Test class: tests.LoginTest</td>
<td></td>
<td>0</td>
<td>tests.LoginTest@7d9d0818</td></tr>
<tr>
<td title='tests.CartTest.testRemoveProductFromCart()'><b>testRemoveProductFromCart</b><br>Test class: tests.CartTest</td>
<td></td>
<td>10</td>
<td>tests.CartTest@496bc455</td></tr>
<tr>
<td title='tests.CartTest.testProceedToCheckout()'><b>testProceedToCheckout</b><br>Test class: tests.CartTest</td>
<td></td>
<td>0</td>
<td>tests.CartTest@496bc455</td></tr>
<tr>
<td title='tests.LoginTest.testEmptyUsernameAndPassword()'><b>testEmptyUsernameAndPassword</b><br>Test class: tests.LoginTest</td>
<td></td>
<td>0</td>
<td>tests.LoginTest@7d9d0818</td></tr>
<tr>
<td title='tests.ProductTest.verifyProductListDisplay()'><b>verifyProductListDisplay</b><br>Test class: tests.ProductTest</td>
<td></td>
<td>0</td>
<td>tests.ProductTest@70ed52de</td></tr>
<tr>
<td title='tests.CheckoutTest.TC020_navigateToCheckoutPage()'><b>TC020_navigateToCheckoutPage</b><br>Test class: tests.CheckoutTest</td>
<td></td>
<td>0</td>
<td>tests.CheckoutTest@59402b8f</td></tr>
<tr>
<td title='tests.LoginTest.testInvalidUsername()'><b>testInvalidUsername</b><br>Test class: tests.LoginTest</td>
<td></td>
<td>0</td>
<td>tests.LoginTest@7d9d0818</td></tr>
<tr>
<td title='tests.ProductTest.addInvalidProduct()'><b>addInvalidProduct</b><br>Test class: tests.ProductTest</td>
<td><div><pre>org.openqa.selenium.TimeoutException: Expected condition failed: waiting for element to be clickable: By.xpath: //div[@class=&apos;inventory_item&apos;]//div[text()=&apos;Non Existent Product&apos;]/ancestor::div[@class=&apos;inventory_item&apos;]//button (tried for 10 second(s) with 500 milliseconds interval)
Build info: version: &apos;4.21.0&apos;, revision: &apos;79ed462ef4&apos;
System info: os.name: &apos;Windows 11&apos;, os.arch: &apos;amd64&apos;, os.version: &apos;10.0&apos;, java.version: &apos;17.0.4&apos;
Driver info: org.openqa.selenium.chrome.ChromeDriver
Capabilities {acceptInsecureCerts: false, browserName: chrome, browserVersion: 140.0.7339.80, chrome: {chromedriverVersion: 140.0.7339.80 (670b6f192f46..., userDataDir: C:\Users\kiran\AppData\Loca...}, fedcm:accounts: true, goog:chromeOptions: {debuggerAddress: localhost:52935}, networkConnectionEnabled: false, pageLoadStrategy: normal, platformName: windows, proxy: Proxy(), se:cdp: ws://localhost:52935/devtoo..., se:cdpVersion: 140.0.7339.80, setWindowRect: true, strictFileInteractability: false, timeouts: {implicit: 0, pageLoad: 300000, script: 30000}, unhandledPromptBehavior: dismiss and notify, webauthn:extension:credBlob: true, webauthn:extension:largeBlob: true, webauthn:extension:minPinLength: true, webauthn:extension:prf: true, webauthn:virtualAuthenticators: true}
Session ID: 6bab03eb6da2ce2a9a47c3fde0399b53
	at org.openqa.selenium.support.ui.WebDriverWait.timeoutException(WebDriverWait.java:84)
	at org.openqa.selenium.support.ui.FluentWait.until(FluentWait.java:228)
	at pages.ProductPage.addProductToCart(ProductPage.java:71)
	at tests.ProductTest.addInvalidProduct(ProductTest.java:123)
	at java.base/java.util.ArrayList.forEach(ArrayList.java:1511)
... Removed 31 stack frames</pre></div><a href='#' onClick='toggleBox("stack-trace172711139", this, "Click to show all stack frames", "Click to hide stack frames")'>Click to show all stack frames</a>
<div class='stack-trace' id='stack-trace172711139'><pre>org.openqa.selenium.TimeoutException: Expected condition failed: waiting for element to be clickable: By.xpath: //div[@class=&apos;inventory_item&apos;]//div[text()=&apos;Non Existent Product&apos;]/ancestor::div[@class=&apos;inventory_item&apos;]//button (tried for 10 second(s) with 500 milliseconds interval)
Build info: version: &apos;4.21.0&apos;, revision: &apos;79ed462ef4&apos;
System info: os.name: &apos;Windows 11&apos;, os.arch: &apos;amd64&apos;, os.version: &apos;10.0&apos;, java.version: &apos;17.0.4&apos;
Driver info: org.openqa.selenium.chrome.ChromeDriver
Capabilities {acceptInsecureCerts: false, browserName: chrome, browserVersion: 140.0.7339.80, chrome: {chromedriverVersion: 140.0.7339.80 (670b6f192f46..., userDataDir: C:\Users\kiran\AppData\Loca...}, fedcm:accounts: true, goog:chromeOptions: {debuggerAddress: localhost:52935}, networkConnectionEnabled: false, pageLoadStrategy: normal, platformName: windows, proxy: Proxy(), se:cdp: ws://localhost:52935/devtoo..., se:cdpVersion: 140.0.7339.80, setWindowRect: true, strictFileInteractability: false, timeouts: {implicit: 0, pageLoad: 300000, script: 30000}, unhandledPromptBehavior: dismiss and notify, webauthn:extension:credBlob: true, webauthn:extension:largeBlob: true, webauthn:extension:minPinLength: true, webauthn:extension:prf: true, webauthn:virtualAuthenticators: true}
Session ID: 6bab03eb6da2ce2a9a47c3fde0399b53
	at org.openqa.selenium.support.ui.WebDriverWait.timeoutException(WebDriverWait.java:84)
	at org.openqa.selenium.support.ui.FluentWait.until(FluentWait.java:228)
	at pages.ProductPage.addProductToCart(ProductPage.java:71)
	at tests.ProductTest.addInvalidProduct(ProductTest.java:123)
	at java.base/jdk.internal.reflect.NativeMethodAccessorImpl.invoke0(Native Method)
	at java.base/jdk.internal.reflect.NativeMethodAccessorImpl.invoke(NativeMethodAccessorImpl.java:77)
	at java.base/jdk.internal.reflect.DelegatingMethodAccessorImpl.invoke(DelegatingMethodAccessorImpl.java:43)
	at java.base/java.lang.reflect.Method.invoke(Method.java:568)
	at org.testng.internal.invokers.MethodInvocationHelper.invokeMethod(MethodInvocationHelper.java:139)
	at org.testng.internal.invokers.TestInvoker.invokeMethod(TestInvoker.java:664)
	at org.testng.internal.invokers.TestInvoker.invokeTestMethod(TestInvoker.java:227)
	at org.testng.internal.invokers.MethodRunner.runInSequence(MethodRunner.java:50)
	at org.testng.internal.invokers.TestInvoker$MethodInvocationAgent.invoke(TestInvoker.java:957)
	at org.testng.internal.invokers.TestInvoker.invokeTestMethods(TestInvoker.java:200)
	at org.testng.internal.invokers.TestMethodWorker.invokeTestMethods(TestMethodWorker.java:148)
	at org.testng.internal.invokers.TestMethodWorker.run(TestMethodWorker.java:128)
	at java.base/java.util.ArrayList.forEach(ArrayList.java:1511)
	at org.testng.TestRunner.privateRun(TestRunner.java:848)
	at org.testng.TestRunner.run(TestRunner.java:621)
	at org.testng.SuiteRunner.runTest(SuiteRunner.java:443)
	at org.testng.SuiteRunner.runSequentially(SuiteRunner.java:437)
	at org.testng.SuiteRunner.privateRun(SuiteRunner.java:397)
	at org.testng.SuiteRunner.run(SuiteRunner.java:336)
	at org.testng.SuiteRunnerWorker.runSuite(SuiteRunnerWorker.java:52)
	at org.testng.SuiteRunnerWorker.run(SuiteRunnerWorker.java:95)
	at org.testng.TestNG.runSuitesSequentially(TestNG.java:1280)
	at org.testng.TestNG.runSuitesLocally(TestNG.java:1200)
	at org.testng.TestNG.runSuites(TestNG.java:1114)
	at org.testng.TestNG.run(TestNG.java:1082)
	at org.apache.maven.surefire.testng.TestNGExecutor.run(TestNGExecutor.java:308)
	at org.apache.maven.surefire.testng.TestNGXmlTestSuite.execute(TestNGXmlTestSuite.java:71)
	at org.apache.maven.surefire.testng.TestNGProvider.invoke(TestNGProvider.java:113)
	at org.apache.maven.surefire.booter.ForkedBooter.runSuitesInProcess(ForkedBooter.java:385)
	at org.apache.maven.surefire.booter.ForkedBooter.execute(ForkedBooter.java:162)
	at org.apache.maven.surefire.booter.ForkedBooter.run(ForkedBooter.java:507)
	at org.apache.maven.surefire.booter.ForkedBooter.main(ForkedBooter.java:495)
</pre></div></td>
<td>10</td>
<td>tests.ProductTest@70ed52de</td></tr>
<tr>
<td title='tests.CheckoutTest.TC022_checkoutWithMissingRequiredFields()'><b>TC022_checkoutWithMissingRequiredFields</b><br>Test class: tests.CheckoutTest</td>
<td></td>
<td>0</td>
<td>tests.CheckoutTest@59402b8f</td></tr>
<tr>
<td title='tests.CartTest.testAddProductToCart()'><b>testAddProductToCart</b><br>Test class: tests.CartTest</td>
<td></td>
<td>0</td>
<td>tests.CartTest@496bc455</td></tr>
<tr>
<td title='tests.CartTest.testContinueShopping()'><b>testContinueShopping</b><br>Test class: tests.CartTest</td>
<td></td>
<td>0</td>
<td>tests.CartTest@496bc455</td></tr>
<tr>
<td title='tests.ProductTest.clickOnProductDetailsPage()'><b>clickOnProductDetailsPage</b><br>Test class: tests.ProductTest</td>
<td></td>
<td>0</td>
<td>tests.ProductTest@70ed52de</td></tr>
<tr>
<td title='tests.ProductTest.sortByNameAToZ()'><b>sortByNameAToZ</b><br>Test class: tests.ProductTest</td>
<td></td>
<td>0</td>
<td>tests.ProductTest@70ed52de</td></tr>
<tr>
<td title='tests.CheckoutTest.TC021_checkoutWithValidInformation()'><b>TC021_checkoutWithValidInformation</b><br>Test class: tests.CheckoutTest</td>
<td></td>
<td>0</td>
<td>tests.CheckoutTest@59402b8f</td></tr>
<tr>
<td title='tests.ProductTest.sortByPriceLowToHigh()'><b>sortByPriceLowToHigh</b><br>Test class: tests.ProductTest</td>
<td></td>
<td>0</td>
<td>tests.ProductTest@70ed52de</td></tr>
<tr>
<td title='tests.LoginTest.testLockedOutUser()'><b>testLockedOutUser</b><br>Test class: tests.LoginTest</td>
<td></td>
<td>0</td>
<td>tests.LoginTest@7d9d0818</td></tr>
<tr>
<td title='tests.ProductTest.sortByPriceHighToLow()'><b>sortByPriceHighToLow</b><br>Test class: tests.ProductTest</td>
<td></td>
<td>0</td>
<td>tests.ProductTest@70ed52de</td></tr>
<tr>
<td title='tests.ProductTest.addProductToCart()'><b>addProductToCart</b><br>Test class: tests.ProductTest</td>
<td></td>
<td>0</td>
<td>tests.ProductTest@70ed52de</td></tr>
<tr>
<td title='tests.LoginTest.testEmptyPassword()'><b>testEmptyPassword</b><br>Test class: tests.LoginTest</td>
<td></td>
<td>0</td>
<td>tests.LoginTest@7d9d0818</td></tr>
<tr>
<td title='tests.ProductTest.sortByNameZToA()'><b>sortByNameZToA</b><br>Test class: tests.ProductTest</td>
<td></td>
<td>0</td>
<td>tests.ProductTest@70ed52de</td></tr>
<tr>
<td title='tests.LoginTest.testProblemUser()'><b>testProblemUser</b><br>Test class: tests.LoginTest</td>
<td></td>
<td>0</td>
<td>tests.LoginTest@7d9d0818</td></tr>
<tr>
<td title='tests.LoginTest.testInvalidPassword()'><b>testInvalidPassword</b><br>Test class: tests.LoginTest</td>
<td></td>
<td>0</td>
<td>tests.LoginTest@7d9d0818</td></tr>
</table><p>
</body>
</html>