<?xml version="1.0" encoding="UTF-8"?>
<testng-results ignored="0" total="24" passed="24" failed="0" skipped="0">
  <reporter-output>
  </reporter-output>
  <suite started-at="2025-09-08T18:43:04 IST" name="MySuite" finished-at="2025-09-08T18:44:03 IST" duration-ms="59290">
    <groups>
      <group name="login">
        <method signature="LoginTest.testValidLogin()[pri:8, instance:tests.LoginTest@19932c16]" name="testValidLogin" class="tests.LoginTest"/>
      </group> <!-- login -->
    </groups>
    <test started-at="2025-09-08T18:43:04 IST" name="SauceDemo Website Tests" finished-at="2025-09-08T18:44:03 IST" duration-ms="59290">
      <class name="tests.LoginTest">
        <test-method is-config="true" signature="suiteSetup()[pri:0, instance:tests.LoginTest@19932c16]" started-at="2025-09-08T18:43:11 IST" name="suiteSetup" finished-at="2025-09-08T18:43:16 IST" duration-ms="5135" status="PASS">
          <reporter-output>
          </reporter-output>
        </test-method> <!-- suiteSetup -->
        <test-method is-config="true" signature="setupTest()[pri:0, instance:tests.LoginTest@19932c16]" started-at="2025-09-08T18:43:16 IST" name="setupTest" finished-at="2025-09-08T18:43:16 IST" duration-ms="2" status="PASS">
          <reporter-output>
          </reporter-output>
        </test-method> <!-- setupTest -->
        <test-method is-config="true" signature="loadLoginPage()[pri:0, instance:tests.LoginTest@19932c16]" started-at="2025-09-08T18:43:16 IST" name="loadLoginPage" finished-at="2025-09-08T18:43:16 IST" duration-ms="193" status="PASS">
          <reporter-output>
          </reporter-output>
        </test-method> <!-- loadLoginPage -->
        <test-method signature="testProblemUser()[pri:2, instance:tests.LoginTest@19932c16]" started-at="2025-09-08T18:43:16 IST" name="testProblemUser" finished-at="2025-09-08T18:43:17 IST" duration-ms="610" status="PASS">
          <reporter-output>
          </reporter-output>
        </test-method> <!-- testProblemUser -->
        <test-method is-config="true" signature="loadLoginPage()[pri:0, instance:tests.LoginTest@19932c16]" started-at="2025-09-08T18:43:17 IST" name="loadLoginPage" finished-at="2025-09-08T18:43:18 IST" duration-ms="259" status="PASS">
          <reporter-output>
          </reporter-output>
        </test-method> <!-- loadLoginPage -->
        <test-method signature="testEmptyUsername()[pri:3, instance:tests.LoginTest@19932c16]" started-at="2025-09-08T18:43:18 IST" name="testEmptyUsername" finished-at="2025-09-08T18:43:18 IST" duration-ms="548" status="PASS">
          <reporter-output>
          </reporter-output>
        </test-method> <!-- testEmptyUsername -->
        <test-method is-config="true" signature="loadLoginPage()[pri:0, instance:tests.LoginTest@19932c16]" started-at="2025-09-08T18:43:18 IST" name="loadLoginPage" finished-at="2025-09-08T18:43:18 IST" duration-ms="227" status="PASS">
          <reporter-output>
          </reporter-output>
        </test-method> <!-- loadLoginPage -->
        <test-method signature="testInvalidUsername()[pri:4, instance:tests.LoginTest@19932c16]" started-at="2025-09-08T18:43:18 IST" name="testInvalidUsername" finished-at="2025-09-08T18:43:19 IST" duration-ms="529" status="PASS">
          <reporter-output>
          </reporter-output>
        </test-method> <!-- testInvalidUsername -->
        <test-method is-config="true" signature="loadLoginPage()[pri:0, instance:tests.LoginTest@19932c16]" started-at="2025-09-08T18:43:19 IST" name="loadLoginPage" finished-at="2025-09-08T18:43:19 IST" duration-ms="219" status="PASS">
          <reporter-output>
          </reporter-output>
        </test-method> <!-- loadLoginPage -->
        <test-method signature="testEmptyPassword()[pri:5, instance:tests.LoginTest@19932c16]" started-at="2025-09-08T18:43:19 IST" name="testEmptyPassword" finished-at="2025-09-08T18:43:20 IST" duration-ms="544" status="PASS">
          <reporter-output>
          </reporter-output>
        </test-method> <!-- testEmptyPassword -->
        <test-method is-config="true" signature="loadLoginPage()[pri:0, instance:tests.LoginTest@19932c16]" started-at="2025-09-08T18:43:20 IST" name="loadLoginPage" finished-at="2025-09-08T18:43:20 IST" duration-ms="259" status="PASS">
          <reporter-output>
          </reporter-output>
        </test-method> <!-- loadLoginPage -->
        <test-method signature="testInvalidPassword()[pri:6, instance:tests.LoginTest@19932c16]" started-at="2025-09-08T18:43:20 IST" name="testInvalidPassword" finished-at="2025-09-08T18:43:21 IST" duration-ms="675" status="PASS">
          <reporter-output>
          </reporter-output>
        </test-method> <!-- testInvalidPassword -->
        <test-method is-config="true" signature="loadLoginPage()[pri:0, instance:tests.LoginTest@19932c16]" started-at="2025-09-08T18:43:21 IST" name="loadLoginPage" finished-at="2025-09-08T18:43:21 IST" duration-ms="208" status="PASS">
          <reporter-output>
          </reporter-output>
        </test-method> <!-- loadLoginPage -->
        <test-method signature="testEmptyUsernameAndPassword()[pri:7, instance:tests.LoginTest@19932c16]" started-at="2025-09-08T18:43:21 IST" name="testEmptyUsernameAndPassword" finished-at="2025-09-08T18:43:22 IST" duration-ms="577" status="PASS">
          <reporter-output>
          </reporter-output>
        </test-method> <!-- testEmptyUsernameAndPassword -->
        <test-method is-config="true" signature="loadLoginPage()[pri:0, instance:tests.LoginTest@19932c16]" started-at="2025-09-08T18:43:22 IST" name="loadLoginPage" finished-at="2025-09-08T18:43:22 IST" duration-ms="212" status="PASS">
          <reporter-output>
          </reporter-output>
        </test-method> <!-- loadLoginPage -->
        <test-method signature="testLockedOutUser()[pri:8, instance:tests.LoginTest@19932c16]" started-at="2025-09-08T18:43:22 IST" name="testLockedOutUser" finished-at="2025-09-08T18:43:23 IST" duration-ms="634" status="PASS">
          <reporter-output>
          </reporter-output>
        </test-method> <!-- testLockedOutUser -->
        <test-method is-config="true" signature="loadLoginPage()[pri:0, instance:tests.LoginTest@19932c16]" started-at="2025-09-08T18:43:23 IST" name="loadLoginPage" finished-at="2025-09-08T18:43:23 IST" duration-ms="203" status="PASS">
          <reporter-output>
          </reporter-output>
        </test-method> <!-- loadLoginPage -->
        <test-method signature="testValidLogin()[pri:8, instance:tests.LoginTest@19932c16]" started-at="2025-09-08T18:43:23 IST" name="testValidLogin" finished-at="2025-09-08T18:43:24 IST" duration-ms="588" status="PASS">
          <reporter-output>
          </reporter-output>
        </test-method> <!-- testValidLogin -->
        <test-method is-config="true" signature="suiteTearDown()[pri:0, instance:tests.LoginTest@19932c16]" started-at="2025-09-08T18:43:24 IST" name="suiteTearDown" finished-at="2025-09-08T18:43:24 IST" duration-ms="287" status="PASS">
          <reporter-output>
          </reporter-output>
        </test-method> <!-- suiteTearDown -->
      </class> <!-- tests.LoginTest -->
      <class name="tests.CartTest">
        <test-method is-config="true" signature="suiteSetup()[pri:0, instance:tests.CartTest@514646ef]" started-at="2025-09-08T18:43:42 IST" name="suiteSetup" finished-at="2025-09-08T18:43:45 IST" duration-ms="2399" status="PASS">
          <reporter-output>
          </reporter-output>
        </test-method> <!-- suiteSetup -->
        <test-method is-config="true" signature="setUpPages()[pri:0, instance:tests.CartTest@514646ef]" started-at="2025-09-08T18:43:45 IST" name="setUpPages" finished-at="2025-09-08T18:43:45 IST" duration-ms="560" status="PASS">
          <reporter-output>
          </reporter-output>
        </test-method> <!-- setUpPages -->
        <test-method signature="testAddProductToCart()[pri:1, instance:tests.CartTest@514646ef]" started-at="2025-09-08T18:43:45 IST" name="testAddProductToCart" finished-at="2025-09-08T18:43:46 IST" duration-ms="781" status="PASS">
          <reporter-output>
          </reporter-output>
        </test-method> <!-- testAddProductToCart -->
        <test-method signature="testRemoveProductFromCart()[pri:2, instance:tests.CartTest@514646ef]" started-at="2025-09-08T18:43:46 IST" name="testRemoveProductFromCart" finished-at="2025-09-08T18:43:57 IST" duration-ms="10797" status="PASS">
          <reporter-output>
          </reporter-output>
        </test-method> <!-- testRemoveProductFromCart -->
        <test-method signature="testContinueShopping()[pri:4, instance:tests.CartTest@514646ef]" started-at="2025-09-08T18:43:57 IST" name="testContinueShopping" finished-at="2025-09-08T18:43:57 IST" duration-ms="145" status="PASS">
          <reporter-output>
          </reporter-output>
        </test-method> <!-- testContinueShopping -->
        <test-method signature="testProceedToCheckout()[pri:5, instance:tests.CartTest@514646ef]" started-at="2025-09-08T18:43:57 IST" name="testProceedToCheckout" finished-at="2025-09-08T18:43:58 IST" duration-ms="167" status="PASS">
          <reporter-output>
          </reporter-output>
        </test-method> <!-- testProceedToCheckout -->
        <test-method is-config="true" signature="suiteTearDown()[pri:0, instance:tests.CartTest@514646ef]" started-at="2025-09-08T18:43:58 IST" name="suiteTearDown" finished-at="2025-09-08T18:43:58 IST" duration-ms="233" status="PASS">
          <reporter-output>
          </reporter-output>
        </test-method> <!-- suiteTearDown -->
      </class> <!-- tests.CartTest -->
      <class name="integration.IntegrationTest">
        <test-method is-config="true" signature="suiteSetup()[pri:0, instance:integration.IntegrationTest@6440112d]" started-at="2025-09-08T18:43:04 IST" name="suiteSetup" finished-at="2025-09-08T18:43:08 IST" duration-ms="4793" status="PASS">
          <reporter-output>
          </reporter-output>
        </test-method> <!-- suiteSetup -->
        <test-method signature="testCompleteUserJourney()[pri:0, instance:integration.IntegrationTest@6440112d]" started-at="2025-09-08T18:43:08 IST" name="testCompleteUserJourney" finished-at="2025-09-08T18:43:11 IST" duration-ms="2095" status="PASS">
          <reporter-output>
          </reporter-output>
        </test-method> <!-- testCompleteUserJourney -->
        <test-method is-config="true" signature="suiteTearDown()[pri:0, instance:integration.IntegrationTest@6440112d]" started-at="2025-09-08T18:43:11 IST" name="suiteTearDown" finished-at="2025-09-08T18:43:11 IST" duration-ms="258" status="PASS">
          <reporter-output>
          </reporter-output>
        </test-method> <!-- suiteTearDown -->
      </class> <!-- integration.IntegrationTest -->
      <class name="tests.ProductTest">
        <test-method is-config="true" signature="suiteSetup()[pri:0, instance:tests.ProductTest@73eb439a]" started-at="2025-09-08T18:43:24 IST" name="suiteSetup" finished-at="2025-09-08T18:43:27 IST" duration-ms="2440" status="PASS">
          <reporter-output>
          </reporter-output>
        </test-method> <!-- suiteSetup -->
        <test-method is-config="true" signature="setUp()[pri:0, instance:tests.ProductTest@73eb439a]" started-at="2025-09-08T18:43:27 IST" name="setUp" finished-at="2025-09-08T18:43:27 IST" duration-ms="548" status="PASS">
          <reporter-output>
          </reporter-output>
        </test-method> <!-- setUp -->
        <test-method signature="verifyProductListDisplay()[pri:1, instance:tests.ProductTest@73eb439a]" started-at="2025-09-08T18:43:27 IST" name="verifyProductListDisplay" finished-at="2025-09-08T18:43:28 IST" duration-ms="648" status="PASS">
          <reporter-output>
          </reporter-output>
        </test-method> <!-- verifyProductListDisplay -->
        <test-method is-config="true" signature="resetAppState()[pri:0, instance:tests.ProductTest@73eb439a]" started-at="2025-09-08T18:43:28 IST" name="resetAppState" finished-at="2025-09-08T18:43:28 IST" duration-ms="57" status="PASS">
          <reporter-output>
          </reporter-output>
        </test-method> <!-- resetAppState -->
        <test-method signature="sortByNameAToZ()[pri:2, instance:tests.ProductTest@73eb439a]" started-at="2025-09-08T18:43:28 IST" name="sortByNameAToZ" finished-at="2025-09-08T18:43:29 IST" duration-ms="407" status="PASS">
          <reporter-output>
          </reporter-output>
        </test-method> <!-- sortByNameAToZ -->
        <test-method is-config="true" signature="resetAppState()[pri:0, instance:tests.ProductTest@73eb439a]" started-at="2025-09-08T18:43:29 IST" name="resetAppState" finished-at="2025-09-08T18:43:29 IST" duration-ms="68" status="PASS">
          <reporter-output>
          </reporter-output>
        </test-method> <!-- resetAppState -->
        <test-method signature="sortByNameZToA()[pri:3, instance:tests.ProductTest@73eb439a]" started-at="2025-09-08T18:43:29 IST" name="sortByNameZToA" finished-at="2025-09-08T18:43:29 IST" duration-ms="293" status="PASS">
          <reporter-output>
          </reporter-output>
        </test-method> <!-- sortByNameZToA -->
        <test-method is-config="true" signature="resetAppState()[pri:0, instance:tests.ProductTest@73eb439a]" started-at="2025-09-08T18:43:30 IST" name="resetAppState" finished-at="2025-09-08T18:43:30 IST" duration-ms="54" status="PASS">
          <reporter-output>
          </reporter-output>
        </test-method> <!-- resetAppState -->
        <test-method signature="sortByPriceLowToHigh()[pri:4, instance:tests.ProductTest@73eb439a]" started-at="2025-09-08T18:43:30 IST" name="sortByPriceLowToHigh" finished-at="2025-09-08T18:43:30 IST" duration-ms="279" status="PASS">
          <reporter-output>
          </reporter-output>
        </test-method> <!-- sortByPriceLowToHigh -->
        <test-method is-config="true" signature="resetAppState()[pri:0, instance:tests.ProductTest@73eb439a]" started-at="2025-09-08T18:43:30 IST" name="resetAppState" finished-at="2025-09-08T18:43:30 IST" duration-ms="65" status="PASS">
          <reporter-output>
          </reporter-output>
        </test-method> <!-- resetAppState -->
        <test-method signature="sortByPriceHighToLow()[pri:5, instance:tests.ProductTest@73eb439a]" started-at="2025-09-08T18:43:30 IST" name="sortByPriceHighToLow" finished-at="2025-09-08T18:43:30 IST" duration-ms="271" status="PASS">
          <reporter-output>
          </reporter-output>
        </test-method> <!-- sortByPriceHighToLow -->
        <test-method is-config="true" signature="resetAppState()[pri:0, instance:tests.ProductTest@73eb439a]" started-at="2025-09-08T18:43:31 IST" name="resetAppState" finished-at="2025-09-08T18:43:31 IST" duration-ms="83" status="PASS">
          <reporter-output>
          </reporter-output>
        </test-method> <!-- resetAppState -->
        <test-method signature="addProductToCart()[pri:6, instance:tests.ProductTest@73eb439a]" started-at="2025-09-08T18:43:31 IST" name="addProductToCart" finished-at="2025-09-08T18:43:31 IST" duration-ms="238" status="PASS">
          <reporter-output>
          </reporter-output>
        </test-method> <!-- addProductToCart -->
        <test-method is-config="true" signature="resetAppState()[pri:0, instance:tests.ProductTest@73eb439a]" started-at="2025-09-08T18:43:31 IST" name="resetAppState" finished-at="2025-09-08T18:43:31 IST" duration-ms="45" status="PASS">
          <reporter-output>
          </reporter-output>
        </test-method> <!-- resetAppState -->
        <test-method signature="clickOnProductDetailsPage()[pri:7, instance:tests.ProductTest@73eb439a]" started-at="2025-09-08T18:43:31 IST" name="clickOnProductDetailsPage" finished-at="2025-09-08T18:43:31 IST" duration-ms="254" status="PASS">
          <reporter-output>
          </reporter-output>
        </test-method> <!-- clickOnProductDetailsPage -->
        <test-method is-config="true" signature="resetAppState()[pri:0, instance:tests.ProductTest@73eb439a]" started-at="2025-09-08T18:43:32 IST" name="resetAppState" finished-at="2025-09-08T18:43:32 IST" duration-ms="80" status="PASS">
          <reporter-output>
          </reporter-output>
        </test-method> <!-- resetAppState -->
        <test-method signature="addInvalidProduct()[pri:8, instance:tests.ProductTest@73eb439a]" started-at="2025-09-08T18:43:32 IST" name="addInvalidProduct" finished-at="2025-09-08T18:43:42 IST" duration-ms="10054" status="PASS">
          <exception class="java.lang.RuntimeException">
            <message>
              <![CDATA[Product 'Non Existent Product' not found on product page.]]>
            </message>
            <full-stacktrace>
              <![CDATA[java.lang.RuntimeException: Product 'Non Existent Product' not found on product page.
at pages.ProductPage.addProductToCart(ProductPage.java:70)
at tests.ProductTest.addInvalidProduct(ProductTest.java:111)
at java.base/jdk.internal.reflect.NativeMethodAccessorImpl.invoke0(Native Method)
at java.base/jdk.internal.reflect.NativeMethodAccessorImpl.invoke(NativeMethodAccessorImpl.java:77)
at java.base/jdk.internal.reflect.DelegatingMethodAccessorImpl.invoke(DelegatingMethodAccessorImpl.java:43)
at java.base/java.lang.reflect.Method.invoke(Method.java:568)
at org.testng.internal.invokers.MethodInvocationHelper.invokeMethod(MethodInvocationHelper.java:139)
at org.testng.internal.invokers.TestInvoker.invokeMethod(TestInvoker.java:664)
at org.testng.internal.invokers.TestInvoker.invokeTestMethod(TestInvoker.java:227)
at org.testng.internal.invokers.MethodRunner.runInSequence(MethodRunner.java:50)
at org.testng.internal.invokers.TestInvoker$MethodInvocationAgent.invoke(TestInvoker.java:957)
at org.testng.internal.invokers.TestInvoker.invokeTestMethods(TestInvoker.java:200)
at org.testng.internal.invokers.TestMethodWorker.invokeTestMethods(TestMethodWorker.java:148)
at org.testng.internal.invokers.TestMethodWorker.run(TestMethodWorker.java:128)
at java.base/java.util.ArrayList.forEach(ArrayList.java:1511)
at org.testng.TestRunner.privateRun(TestRunner.java:848)
at org.testng.TestRunner.run(TestRunner.java:621)
at org.testng.SuiteRunner.runTest(SuiteRunner.java:443)
at org.testng.SuiteRunner.runSequentially(SuiteRunner.java:437)
at org.testng.SuiteRunner.privateRun(SuiteRunner.java:397)
at org.testng.SuiteRunner.run(SuiteRunner.java:336)
at org.testng.SuiteRunnerWorker.runSuite(SuiteRunnerWorker.java:52)
at org.testng.SuiteRunnerWorker.run(SuiteRunnerWorker.java:95)
at org.testng.TestNG.runSuitesSequentially(TestNG.java:1280)
at org.testng.TestNG.runSuitesLocally(TestNG.java:1200)
at org.testng.TestNG.runSuites(TestNG.java:1114)
at org.testng.TestNG.run(TestNG.java:1082)
at org.apache.maven.surefire.testng.TestNGExecutor.run(TestNGExecutor.java:308)
at org.apache.maven.surefire.testng.TestNGXmlTestSuite.execute(TestNGXmlTestSuite.java:71)
at org.apache.maven.surefire.testng.TestNGProvider.invoke(TestNGProvider.java:113)
at org.apache.maven.surefire.booter.ForkedBooter.runSuitesInProcess(ForkedBooter.java:385)
at org.apache.maven.surefire.booter.ForkedBooter.execute(ForkedBooter.java:162)
at org.apache.maven.surefire.booter.ForkedBooter.run(ForkedBooter.java:507)
at org.apache.maven.surefire.booter.ForkedBooter.main(ForkedBooter.java:495)
Caused by: org.openqa.selenium.TimeoutException: Expected condition failed: waiting for element to be clickable: By.xpath: //div[@class='inventory_item']//div[text()='Non Existent Product']/ancestor::div[@class='inventory_item']//button (tried for 10 second(s) with 500 milliseconds interval)
Build info: version: '4.23.0', revision: '4df0a231af'
System info: os.name: 'Windows 11', os.arch: 'amd64', os.version: '10.0', java.version: '17.0.4'
Driver info: org.openqa.selenium.chrome.ChromeDriver
Capabilities {acceptInsecureCerts: false, browserName: chrome, browserVersion: 140.0.7339.80, chrome: {chromedriverVersion: 140.0.7339.80 (670b6f192f46..., userDataDir: C:\Users\kiran\AppData\Loca...}, fedcm:accounts: true, goog:chromeOptions: {debuggerAddress: localhost:56574}, networkConnectionEnabled: false, pageLoadStrategy: normal, platformName: windows, proxy: Proxy(), se:cdp: ws://localhost:56574/devtoo..., se:cdpVersion: 140.0.7339.80, setWindowRect: true, strictFileInteractability: false, timeouts: {implicit: 0, pageLoad: 300000, script: 30000}, unhandledPromptBehavior: dismiss and notify, webauthn:extension:credBlob: true, webauthn:extension:largeBlob: true, webauthn:extension:minPinLength: true, webauthn:extension:prf: true, webauthn:virtualAuthenticators: true}
Session ID: 21a7f52d1014dfc032bba20029eec03d
at org.openqa.selenium.support.ui.WebDriverWait.timeoutException(WebDriverWait.java:84)
at org.openqa.selenium.support.ui.FluentWait.until(FluentWait.java:228)
at pages.ProductPage.addProductToCart(ProductPage.java:66)
... 33 more
]]>
            </full-stacktrace>
          </exception> <!-- java.lang.RuntimeException -->
          <reporter-output>
          </reporter-output>
        </test-method> <!-- addInvalidProduct -->
        <test-method is-config="true" signature="resetAppState()[pri:0, instance:tests.ProductTest@73eb439a]" started-at="2025-09-08T18:43:42 IST" name="resetAppState" finished-at="2025-09-08T18:43:42 IST" duration-ms="137" status="PASS">
          <reporter-output>
          </reporter-output>
        </test-method> <!-- resetAppState -->
        <test-method is-config="true" signature="suiteTearDown()[pri:0, instance:tests.ProductTest@73eb439a]" started-at="2025-09-08T18:43:42 IST" name="suiteTearDown" finished-at="2025-09-08T18:43:42 IST" duration-ms="356" status="PASS">
          <reporter-output>
          </reporter-output>
        </test-method> <!-- suiteTearDown -->
      </class> <!-- tests.ProductTest -->
      <class name="tests.CheckoutTest">
        <test-method is-config="true" signature="suiteSetup()[pri:0, instance:tests.CheckoutTest@305ffe9e]" started-at="2025-09-08T18:43:58 IST" name="suiteSetup" finished-at="2025-09-08T18:44:00 IST" duration-ms="2088" status="PASS">
          <reporter-output>
          </reporter-output>
        </test-method> <!-- suiteSetup -->
        <test-method is-config="true" signature="setUpTest()[pri:0, instance:tests.CheckoutTest@305ffe9e]" started-at="2025-09-08T18:44:00 IST" name="setUpTest" finished-at="2025-09-08T18:44:01 IST" duration-ms="946" status="PASS">
          <reporter-output>
          </reporter-output>
        </test-method> <!-- setUpTest -->
        <test-method is-config="true" signature="resetToCheckoutForm()[pri:0, instance:tests.CheckoutTest@305ffe9e]" started-at="2025-09-08T18:44:01 IST" name="resetToCheckoutForm" finished-at="2025-09-08T18:44:01 IST" duration-ms="56" status="PASS">
          <reporter-output>
          </reporter-output>
        </test-method> <!-- resetToCheckoutForm -->
        <test-method signature="navigateToCheckoutPage()[pri:1, instance:tests.CheckoutTest@305ffe9e]" started-at="2025-09-08T18:44:01 IST" name="navigateToCheckoutPage" finished-at="2025-09-08T18:44:01 IST" duration-ms="77" status="PASS">
          <reporter-output>
          </reporter-output>
        </test-method> <!-- navigateToCheckoutPage -->
        <test-method is-config="true" signature="resetToCheckoutForm()[pri:0, instance:tests.CheckoutTest@305ffe9e]" started-at="2025-09-08T18:44:01 IST" name="resetToCheckoutForm" finished-at="2025-09-08T18:44:01 IST" duration-ms="59" status="PASS">
          <reporter-output>
          </reporter-output>
        </test-method> <!-- resetToCheckoutForm -->
        <test-method signature="checkoutWithMissingRequiredFields()[pri:2, instance:tests.CheckoutTest@305ffe9e]" started-at="2025-09-08T18:44:01 IST" name="checkoutWithMissingRequiredFields" finished-at="2025-09-08T18:44:02 IST" duration-ms="538" status="PASS">
          <reporter-output>
          </reporter-output>
        </test-method> <!-- checkoutWithMissingRequiredFields -->
        <test-method is-config="true" signature="resetToCheckoutForm()[pri:0, instance:tests.CheckoutTest@305ffe9e]" started-at="2025-09-08T18:44:02 IST" name="resetToCheckoutForm" finished-at="2025-09-08T18:44:02 IST" duration-ms="49" status="PASS">
          <reporter-output>
          </reporter-output>
        </test-method> <!-- resetToCheckoutForm -->
        <test-method signature="checkoutWithValidInformation()[pri:3, instance:tests.CheckoutTest@305ffe9e]" started-at="2025-09-08T18:44:02 IST" name="checkoutWithValidInformation" finished-at="2025-09-08T18:44:03 IST" duration-ms="534" status="PASS">
          <reporter-output>
          </reporter-output>
        </test-method> <!-- checkoutWithValidInformation -->
        <test-method is-config="true" signature="suiteTearDown()[pri:0, instance:tests.CheckoutTest@305ffe9e]" started-at="2025-09-08T18:44:03 IST" name="suiteTearDown" finished-at="2025-09-08T18:44:03 IST" duration-ms="186" status="PASS">
          <reporter-output>
          </reporter-output>
        </test-method> <!-- suiteTearDown -->
      </class> <!-- tests.CheckoutTest -->
    </test> <!-- SauceDemo Website Tests -->
  </suite> <!-- MySuite -->
</testng-results>
