<?xml version="1.0" encoding="UTF-8"?>
<testsuite name="Cucumber" time="78.543" tests="25" skipped="0" failures="1" errors="0">
<testcase classname="Shopping Cart Functionality" name="User logs in successfully" time="3.705">
<system-out><![CDATA[
Given the user is on the login page.........................................passed
When the user logs in with username "standard_user" and password "secret_sauce".passed
Then the user should be redirected to the products page.....................passed
]]></system-out>
</testcase>
<testcase classname="Shopping Cart Functionality" name="User adds a product to the cart" time="2.492">
<system-out><![CDATA[
Given the user is logged in.................................................passed
When the user adds "Sauce Labs Backpack" to the cart........................passed
And the user navigates to the cart..........................................passed
Then "Sauce Labs Backpack" should be present in the cart....................passed
]]></system-out>
</testcase>
<testcase classname="Shopping Cart Functionality" name="User removes an item from the cart" time="12.429">
<system-out><![CDATA[
Given the user has "Sauce Labs Backpack" in the cart........................passed
When the user removes "Sauce Labs Backpack" from the cart...................passed
Then "Sauce Labs Backpack" should not be present in the cart................passed
]]></system-out>
</testcase>
<testcase classname="Shopping Cart Functionality" name="User continues shopping from the cart" time="2.365">
<system-out><![CDATA[
Given the user is on the cart page..........................................passed
When the user clicks on Continue Shopping...................................passed
Then the user should be redirected to the products page.....................passed
]]></system-out>
</testcase>
<testcase classname="Shopping Cart Functionality" name="User proceeds to checkout" time="1.593">
<failure type="org.openqa.selenium.WebDriverException" message="unknown error: JavaScript code failed
from unknown command: 'Runtime.evaluate' wasn't found
  (Session info: chrome=140.0.7339.80)
Build info: version: '4.21.0', revision: '79ed462ef4'
System info: os.name: 'Windows 11', os.arch: 'amd64', os.version: '10.0', java.version: '21.0.7'
Driver info: org.openqa.selenium.chrome.ChromeDriver
Command: [30c90816eb052b112f5df98a96f2caf0, maximizeCurrentWindow {}]
Capabilities {acceptInsecureCerts: false, browserName: chrome, browserVersion: 140.0.7339.80, chrome: {chromedriverVersion: 140.0.7339.80 (670b6f192f46..., userDataDir: C:\Users\kiran\AppData\Loca...}, fedcm:accounts: true, goog:chromeOptions: {debuggerAddress: localhost:58038}, networkConnectionEnabled: false, pageLoadStrategy: normal, platformName: windows, proxy: Proxy(), se:cdp: ws://localhost:58038/devtoo..., se:cdpVersion: 140.0.7339.80, setWindowRect: true, strictFileInteractability: false, timeouts: {implicit: 0, pageLoad: 300000, script: 30000}, unhandledPromptBehavior: dismiss and notify, webauthn:extension:credBlob: true, webauthn:extension:largeBlob: true, webauthn:extension:minPinLength: true, webauthn:extension:prf: true, webauthn:virtualAuthenticators: true}
Session ID: 30c90816eb052b112f5df98a96f2caf0">
<![CDATA[org.openqa.selenium.WebDriverException: unknown error: JavaScript code failed
from unknown command: 'Runtime.evaluate' wasn't found
  (Session info: chrome=140.0.7339.80)
Build info: version: '4.21.0', revision: '79ed462ef4'
System info: os.name: 'Windows 11', os.arch: 'amd64', os.version: '10.0', java.version: '21.0.7'
Driver info: org.openqa.selenium.chrome.ChromeDriver
Command: [30c90816eb052b112f5df98a96f2caf0, maximizeCurrentWindow {}]
Capabilities {acceptInsecureCerts: false, browserName: chrome, browserVersion: 140.0.7339.80, chrome: {chromedriverVersion: 140.0.7339.80 (670b6f192f46..., userDataDir: C:\Users\kiran\AppData\Loca...}, fedcm:accounts: true, goog:chromeOptions: {debuggerAddress: localhost:58038}, networkConnectionEnabled: false, pageLoadStrategy: normal, platformName: windows, proxy: Proxy(), se:cdp: ws://localhost:58038/devtoo..., se:cdpVersion: 140.0.7339.80, setWindowRect: true, strictFileInteractability: false, timeouts: {implicit: 0, pageLoad: 300000, script: 30000}, unhandledPromptBehavior: dismiss and notify, webauthn:extension:credBlob: true, webauthn:extension:largeBlob: true, webauthn:extension:minPinLength: true, webauthn:extension:prf: true, webauthn:virtualAuthenticators: true}
Session ID: 30c90816eb052b112f5df98a96f2caf0
	at java.base/jdk.internal.reflect.DirectConstructorHandleAccessor.newInstance(DirectConstructorHandleAccessor.java:62)
	at java.base/java.lang.reflect.Constructor.newInstanceWithCaller(Constructor.java:502)
	at java.base/java.lang.reflect.Constructor.newInstance(Constructor.java:486)
	at org.openqa.selenium.remote.ErrorCodec.decode(ErrorCodec.java:167)
	at org.openqa.selenium.remote.codec.w3c.W3CHttpResponseCodec.decode(W3CHttpResponseCodec.java:138)
	at org.openqa.selenium.remote.codec.w3c.W3CHttpResponseCodec.decode(W3CHttpResponseCodec.java:50)
	at org.openqa.selenium.remote.HttpCommandExecutor.execute(HttpCommandExecutor.java:190)
	at org.openqa.selenium.remote.service.DriverCommandExecutor.invokeExecute(DriverCommandExecutor.java:216)
	at org.openqa.selenium.remote.service.DriverCommandExecutor.execute(DriverCommandExecutor.java:174)
	at org.openqa.selenium.remote.RemoteWebDriver.execute(RemoteWebDriver.java:518)
	at org.openqa.selenium.remote.RemoteWebDriver.execute(RemoteWebDriver.java:591)
	at org.openqa.selenium.remote.RemoteWebDriver.execute(RemoteWebDriver.java:595)
	at org.openqa.selenium.remote.RemoteWebDriver$RemoteWebDriverOptions$RemoteWindow.maximize(RemoteWebDriver.java:1034)
	at utils.DriverFactory.initDriver(DriverFactory.java:36)
	at stepDefinitions.Hooks.setUp(Hooks.java:11)
]]>
</failure>
<system-out><![CDATA[
Given the user has "Sauce Labs Backpack" in the cart........................skipped
When the user proceeds to checkout..........................................skipped
Then the user should be redirected to the checkout page.....................skipped
]]></system-out>
</testcase>
<testcase classname="Login Functionality" name="Valid login" time="2.503">
<system-out><![CDATA[
Given I am on the login page................................................passed
When I enter username "standard_user" and password "secret_sauce"...........passed
And I click the login button................................................passed
Then I should be redirected to the inventory page...........................passed
]]></system-out>
</testcase>
<testcase classname="Login Functionality" name="Empty username" time="2.857">
<system-out><![CDATA[
Given I am on the login page................................................passed
When I enter username "" and password "secret_sauce"........................passed
And I click the login button................................................passed
Then I should see the error message "Epic sadface: Username is required"....passed
]]></system-out>
</testcase>
<testcase classname="Login Functionality" name="Invalid username" time="2.937">
<system-out><![CDATA[
Given I am on the login page................................................passed
When I enter username "invalid-username" and password "secret_sauce"........passed
And I click the login button................................................passed
Then I should see the error message "Epic sadface: Username and password do not match any user in this service".passed
]]></system-out>
</testcase>
<testcase classname="Login Functionality" name="Empty password" time="3.665">
<system-out><![CDATA[
Given I am on the login page................................................passed
When I enter username "standard_user" and password "".......................passed
And I click the login button................................................passed
Then I should see the error message "Epic sadface: Password is required"....passed
]]></system-out>
</testcase>
<testcase classname="Login Functionality" name="Invalid password" time="2.998">
<system-out><![CDATA[
Given I am on the login page................................................passed
When I enter username "standard_user" and password "wrong_password".........passed
And I click the login button................................................passed
Then I should see the error message "Epic sadface: Username and password do not match any user in this service".passed
]]></system-out>
</testcase>
<testcase classname="Login Functionality" name="Empty username and password" time="2.636">
<system-out><![CDATA[
Given I am on the login page................................................passed
When I enter username "" and password ""....................................passed
And I click the login button................................................passed
Then I should see the error message "Epic sadface: Username is required"....passed
]]></system-out>
</testcase>
<testcase classname="Login Functionality" name="Locked out user" time="2.959">
<system-out><![CDATA[
Given I am on the login page................................................passed
When I enter username "locked_out_user" and password "secret_sauce".........passed
And I click the login button................................................passed
Then I should see the error message "Epic sadface: Sorry, this user has been locked out.".passed
]]></system-out>
</testcase>
<testcase classname="Login Functionality" name="Problem user login" time="2.757">
<system-out><![CDATA[
Given I am on the login page................................................passed
When I enter username "problem_user" and password "secret_sauce"............passed
And I click the login button................................................passed
Then I should be redirected to the inventory page...........................passed
]]></system-out>
</testcase>
<testcase classname="Product page functionality" name="TC009 Verify product listing page after login" time="2.865">
<system-out><![CDATA[
Given I am logged in as a valid user........................................passed
Then the product listing should display names and prices....................passed
]]></system-out>
</testcase>
<testcase classname="Product page functionality" name="TC010 Verify product names and prices are displayed" time="3.01">
<system-out><![CDATA[
Given I am logged in as a valid user........................................passed
Then the product listing should display names and prices....................passed
]]></system-out>
</testcase>
<testcase classname="Product page functionality" name="TC011 Verify sorting options - Example #1.1" time="2.533">
<system-out><![CDATA[
Given I am logged in as a valid user........................................passed
When I sort products by "Name (A to Z)".....................................passed
Then products should be sorted by "Name (A to Z)"...........................passed
]]></system-out>
</testcase>
<testcase classname="Product page functionality" name="TC011 Verify sorting options - Example #1.2" time="2.882">
<system-out><![CDATA[
Given I am logged in as a valid user........................................passed
When I sort products by "Name (Z to A)".....................................passed
Then products should be sorted by "Name (Z to A)"...........................passed
]]></system-out>
</testcase>
<testcase classname="Product page functionality" name="TC011 Verify sorting options - Example #1.3" time="2.873">
<system-out><![CDATA[
Given I am logged in as a valid user........................................passed
When I sort products by "Price (low to high)"...............................passed
Then products should be sorted by "Price (low to high)".....................passed
]]></system-out>
</testcase>
<testcase classname="Product page functionality" name="TC011 Verify sorting options - Example #1.4" time="2.916">
<system-out><![CDATA[
Given I am logged in as a valid user........................................passed
When I sort products by "Price (high to low)"...............................passed
Then products should be sorted by "Price (high to low)".....................passed
]]></system-out>
</testcase>
<testcase classname="Product page functionality" name="TC012 Add a product to the cart" time="2.599">
<system-out><![CDATA[
Given I am logged in as a valid user........................................passed
When I add "Sauce Labs Backpack" to the cart................................passed
Then "Sauce Labs Backpack" should be in the cart............................passed
]]></system-out>
</testcase>
<testcase classname="Product page functionality" name="TC013 Remove a product from the cart" time="2.824">
<system-out><![CDATA[
Given I am logged in as a valid user........................................passed
When I add "Sauce Labs Backpack" to the cart................................passed
And I remove "Sauce Labs Backpack" from the cart............................passed
Then "Sauce Labs Backpack" should not be in the cart........................passed
]]></system-out>
</testcase>
<testcase classname="Product page functionality" name="TC014 Add multiple products to the cart - Example #1.1" time="2.447">
<system-out><![CDATA[
Given I am logged in as a valid user........................................passed
When I add "Sauce Labs Backpack" to the cart................................passed
Then "Sauce Labs Backpack" should be in the cart............................passed
]]></system-out>
</testcase>
<testcase classname="Product page functionality" name="TC014 Add multiple products to the cart - Example #1.2" time="2.39">
<system-out><![CDATA[
Given I am logged in as a valid user........................................passed
When I add "Sauce Labs Bike Light" to the cart..............................passed
Then "Sauce Labs Bike Light" should be in the cart..........................passed
]]></system-out>
</testcase>
<testcase classname="Product page functionality" name="TC014 Add multiple products to the cart - Example #1.3" time="2.456">
<system-out><![CDATA[
Given I am logged in as a valid user........................................passed
When I add "Sauce Labs Bolt T-Shirt" to the cart............................passed
Then "Sauce Labs Bolt T-Shirt" should be in the cart........................passed
]]></system-out>
</testcase>
<testcase classname="Product page functionality" name="TC015 Click on a product to go to its details page" time="2.494">
<system-out><![CDATA[
Given I am logged in as a valid user........................................passed
When I click on the "Sauce Labs Backpack" product...........................passed
Then I should see the details page for "Sauce Labs Backpack"................passed
]]></system-out>
</testcase>
</testsuite>
