<?xml version="1.0" encoding="UTF-8"?>
<!-- Generated by org.testng.reporters.JUnitReportReporter -->
<testsuite hostname="KiranPatil" failures="0" tests="25" name="runners.TestRunner" time="78.404" errors="1" timestamp="2025-09-07T16:03:30 IST" skipped="0">
  <testcase classname="runners.TestRunner" name="runScenario" time="2.602"/>
  <testcase classname="runners.TestRunner" name="runScenario" time="3.796"/>
  <testcase classname="runners.TestRunner" name="runScenario" time="2.870"/>
  <testcase classname="runners.TestRunner" name="runScenario" time="3.007"/>
  <testcase classname="runners.TestRunner" name="runScenario" time="12.437"/>
  <testcase classname="runners.TestRunner" name="runScenario" time="2.639"/>
  <testcase classname="runners.TestRunner" name="runScenario" time="2.877"/>
  <testcase classname="runners.TestRunner" name="runScenario" time="2.460"/>
  <testcase classname="runners.TestRunner" name="runScenario" time="2.761"/>
  <testcase classname="runners.TestRunner" name="runScenario" time="2.500"/>
  <testcase classname="runners.TestRunner" name="runScenario" time="2.942"/>
  <testcase classname="runners.TestRunner" name="runScenario" time="2.498"/>
  <testcase classname="runners.TestRunner" name="runScenario" time="2.861"/>
  <testcase classname="runners.TestRunner" name="runScenario" time="2.394"/>
  <testcase classname="runners.TestRunner" name="runScenario" time="2.828"/>
  <testcase classname="runners.TestRunner" name="runScenario" time="2.888"/>
  <testcase classname="runners.TestRunner" name="runScenario" time="2.510"/>
  <testcase classname="runners.TestRunner" name="runScenario" time="2.920"/>
  <testcase classname="runners.TestRunner" name="runScenario" time="2.538"/>
  <testcase classname="runners.TestRunner" name="runScenario" time="1.597">
    <error message="unknown error: JavaScript code failed
from unknown command: &#039;Runtime.evaluate&#039; wasn&#039;t found
  (Session info: chrome=140.0.7339.80)
Build info: version: &#039;4.21.0&#039;, revision: &#039;79ed462ef4&#039;
System info: os.name: &#039;Windows 11&#039;, os.arch: &#039;amd64&#039;, os.version: &#039;10.0&#039;, java.version: &#039;21.0.7&#039;
Driver info: org.openqa.selenium.chrome.ChromeDriver
Command: [30c90816eb052b112f5df98a96f2caf0, maximizeCurrentWindow {}]
Capabilities {acceptInsecureCerts: false, browserName: chrome, browserVersion: 140.0.7339.80, chrome: {chromedriverVersion: 140.0.7339.80 (670b6f192f46..., userDataDir: C:\Users\kiran\AppData\Loca...}, fedcm:accounts: true, goog:chromeOptions: {debuggerAddress: localhost:58038}, networkConnectionEnabled: false, pageLoadStrategy: normal, platformName: windows, proxy: Proxy(), se:cdp: ws://localhost:58038/devtoo..., se:cdpVersion: 140.0.7339.80, setWindowRect: true, strictFileInteractability: false, timeouts: {implicit: 0, pageLoad: 300000, script: 30000}, unhandledPromptBehavior: dismiss and notify, webauthn:extension:credBlob: true, webauthn:extension:largeBlob: true, webauthn:extension:minPinLength: true, webauthn:extension:prf: true, webauthn:virtualAuthenticators: true}
Session ID: 30c90816eb052b112f5df98a96f2caf0" type="org.openqa.selenium.WebDriverException">
      <![CDATA[org.openqa.selenium.WebDriverException: unknown error: JavaScript code failed
from unknown command: 'Runtime.evaluate' wasn't found
  (Session info: chrome=140.0.7339.80)
Build info: version: '4.21.0', revision: '79ed462ef4'
System info: os.name: 'Windows 11', os.arch: 'amd64', os.version: '10.0', java.version: '21.0.7'
Driver info: org.openqa.selenium.chrome.ChromeDriver
Command: [30c90816eb052b112f5df98a96f2caf0, maximizeCurrentWindow {}]
Capabilities {acceptInsecureCerts: false, browserName: chrome, browserVersion: 140.0.7339.80, chrome: {chromedriverVersion: 140.0.7339.80 (670b6f192f46..., userDataDir: C:\Users\kiran\AppData\Loca...}, fedcm:accounts: true, goog:chromeOptions: {debuggerAddress: localhost:58038}, networkConnectionEnabled: false, pageLoadStrategy: normal, platformName: windows, proxy: Proxy(), se:cdp: ws://localhost:58038/devtoo..., se:cdpVersion: 140.0.7339.80, setWindowRect: true, strictFileInteractability: false, timeouts: {implicit: 0, pageLoad: 300000, script: 30000}, unhandledPromptBehavior: dismiss and notify, webauthn:extension:credBlob: true, webauthn:extension:largeBlob: true, webauthn:extension:minPinLength: true, webauthn:extension:prf: true, webauthn:virtualAuthenticators: true}
Session ID: 30c90816eb052b112f5df98a96f2caf0
at java.base/jdk.internal.reflect.DirectConstructorHandleAccessor.newInstance(DirectConstructorHandleAccessor.java:62)
at java.base/java.lang.reflect.Constructor.newInstanceWithCaller(Constructor.java:502)
at java.base/java.lang.reflect.Constructor.newInstance(Constructor.java:486)
at org.openqa.selenium.remote.ErrorCodec.decode(ErrorCodec.java:167)
at org.openqa.selenium.remote.codec.w3c.W3CHttpResponseCodec.decode(W3CHttpResponseCodec.java:138)
at org.openqa.selenium.remote.codec.w3c.W3CHttpResponseCodec.decode(W3CHttpResponseCodec.java:50)
at org.openqa.selenium.remote.HttpCommandExecutor.execute(HttpCommandExecutor.java:190)
at org.openqa.selenium.remote.service.DriverCommandExecutor.invokeExecute(DriverCommandExecutor.java:216)
at org.openqa.selenium.remote.service.DriverCommandExecutor.execute(DriverCommandExecutor.java:174)
at org.openqa.selenium.remote.RemoteWebDriver.execute(RemoteWebDriver.java:518)
at org.openqa.selenium.remote.RemoteWebDriver.execute(RemoteWebDriver.java:591)
at org.openqa.selenium.remote.RemoteWebDriver.execute(RemoteWebDriver.java:595)
at org.openqa.selenium.remote.RemoteWebDriver$RemoteWebDriverOptions$RemoteWindow.maximize(RemoteWebDriver.java:1034)
at utils.DriverFactory.initDriver(DriverFactory.java:36)
at stepDefinitions.Hooks.setUp(Hooks.java:11)
]]>
    </error>
  </testcase> <!-- runScenario -->
  <testcase classname="runners.TestRunner" name="runScenario" time="3.680"/>
  <testcase classname="runners.TestRunner" name="runScenario" time="3.013"/>
  <testcase classname="runners.TestRunner" name="runScenario" time="2.451"/>
  <testcase classname="runners.TestRunner" name="runScenario" time="2.965"/>
  <testcase classname="runners.TestRunner" name="runScenario" time="2.370"/>
</testsuite> <!-- runners.TestRunner -->
